18:28:17: [INFO] [C:\Users\light\WARG\autonomy-bootcamp-2025-p2\modules\command\command_worker.py | command_worker | 51] Logger initialized
18:28:17: [INFO] [C:\Users\light\WARG\autonomy-bootcamp-2025-p2\modules\command\command.py | run | 88] Recieved {
            time_since_boot: None,
            x: 0,
            y: 0,
            z: 29,
            x_velocity: 0,
            y_velocity: 0,
            z_velocity: 4,
            roll: None,
            pitch: None,
            yaw: 0,
            roll_speed: None,
            pitch_speed: None,
            yaw_speed: None
        }, Average velocity [0.0, 0.0, 4.0]
18:28:17: [INFO] [C:\Users\light\WARG\autonomy-bootcamp-2025-p2\modules\command\command.py | run | 88] Recieved {
            time_since_boot: None,
            x: 0,
            y: 0,
            z: 31,
            x_velocity: 0,
            y_velocity: 0,
            z_velocity: -2,
            roll: None,
            pitch: None,
            yaw: 0,
            roll_speed: None,
            pitch_speed: None,
            yaw_speed: None
        }, Average velocity [0.0, 0.0, 1.0]
18:28:18: [INFO] [C:\Users\light\WARG\autonomy-bootcamp-2025-p2\modules\command\command.py | run | 88] Recieved {
            time_since_boot: None,
            x: 0,
            y: 0,
            z: 30.2,
            x_velocity: 0,
            y_velocity: 0,
            z_velocity: 0,
            roll: None,
            pitch: None,
            yaw: 1.1071487177940904,
            roll_speed: None,
            pitch_speed: None,
            yaw_speed: None
        }, Average velocity [0.0, 0.0, 0.6666666666666666]
18:28:18: [INFO] [C:\Users\light\WARG\autonomy-bootcamp-2025-p2\modules\command\command.py | run | 88] Recieved {
            time_since_boot: None,
            x: 0,
            y: 0,
            z: 29.8,
            x_velocity: 0,
            y_velocity: 0,
            z_velocity: 0,
            roll: None,
            pitch: None,
            yaw: 1.1071487177940904,
            roll_speed: None,
            pitch_speed: None,
            yaw_speed: None
        }, Average velocity [0.0, 0.0, 0.5]
18:28:19: [INFO] [C:\Users\light\WARG\autonomy-bootcamp-2025-p2\modules\command\command.py | run | 88] Recieved {
            time_since_boot: None,
            x: 0,
            y: 0,
            z: 30,
            x_velocity: 0,
            y_velocity: 0,
            z_velocity: 0,
            roll: None,
            pitch: None,
            yaw: 1.1071487177940904,
            roll_speed: None,
            pitch_speed: None,
            yaw_speed: None
        }, Average velocity [0.0, 0.0, 0.4]
18:28:19: [INFO] [C:\Users\light\WARG\autonomy-bootcamp-2025-p2\modules\command\command.py | run | 88] Recieved {
            time_since_boot: None,
            x: 0,
            y: 0,
            z: 30,
            x_velocity: 0,
            y_velocity: 0,
            z_velocity: 0,
            roll: None,
            pitch: None,
            yaw: 1.142055302833977,
            roll_speed: None,
            pitch_speed: None,
            yaw_speed: None
        }, Average velocity [0.0, 0.0, 0.3333333333333333]
18:28:20: [INFO] [C:\Users\light\WARG\autonomy-bootcamp-2025-p2\modules\command\command.py | run | 88] Recieved {
            time_since_boot: None,
            x: 0,
            y: 0,
            z: 30,
            x_velocity: 0,
            y_velocity: 0,
            z_velocity: 0,
            roll: None,
            pitch: None,
            yaw: 1.072242132754204,
            roll_speed: None,
            pitch_speed: None,
            yaw_speed: None
        }, Average velocity [0.0, 0.0, 0.2857142857142857]
18:28:20: [INFO] [C:\Users\light\WARG\autonomy-bootcamp-2025-p2\modules\command\command.py | run | 88] Recieved {
            time_since_boot: None,
            x: 0,
            y: 0,
            z: 30,
            x_velocity: 0,
            y_velocity: 20,
            z_velocity: 0,
            roll: None,
            pitch: None,
            yaw: 0,
            roll_speed: None,
            pitch_speed: None,
            yaw_speed: None
        }, Average velocity [0.0, 2.5, 0.25]
18:28:21: [INFO] [C:\Users\light\WARG\autonomy-bootcamp-2025-p2\modules\command\command.py | run | 88] Recieved {
            time_since_boot: None,
            x: 10,
            y: 0,
            z: 30,
            x_velocity: 0,
            y_velocity: 20,
            z_velocity: 0,
            roll: None,
            pitch: None,
            yaw: 0,
            roll_speed: None,
            pitch_speed: None,
            yaw_speed: None
        }, Average velocity [0.0, 4.444444444444445, 0.2222222222222222]
18:28:21: [INFO] [C:\Users\light\WARG\autonomy-bootcamp-2025-p2\modules\command\command.py | run | 88] Recieved {
            time_since_boot: None,
            x: 20,
            y: 0,
            z: 30,
            x_velocity: 0,
            y_velocity: 20,
            z_velocity: 0,
            roll: None,
            pitch: None,
            yaw: 0,
            roll_speed: None,
            pitch_speed: None,
            yaw_speed: None
        }, Average velocity [0.0, 6.0, 0.2]
18:28:22: [INFO] [C:\Users\light\WARG\autonomy-bootcamp-2025-p2\modules\command\command.py | run | 88] Recieved {
            time_since_boot: None,
            x: 30,
            y: 0,
            z: 30,
            x_velocity: 20,
            y_velocity: 0,
            z_velocity: 0,
            roll: None,
            pitch: None,
            yaw: 1.5707963267948966,
            roll_speed: None,
            pitch_speed: None,
            yaw_speed: None
        }, Average velocity [1.8181818181818181, 5.454545454545454, 0.18181818181818182]
18:28:22: [INFO] [C:\Users\light\WARG\autonomy-bootcamp-2025-p2\modules\command\command.py | run | 88] Recieved {
            time_since_boot: None,
            x: 30,
            y: 10,
            z: 30,
            x_velocity: 20,
            y_velocity: 0,
            z_velocity: 0,
            roll: None,
            pitch: None,
            yaw: 1.5707963267948966,
            roll_speed: None,
            pitch_speed: None,
            yaw_speed: None
        }, Average velocity [3.3333333333333335, 5.0, 0.16666666666666666]
18:28:23: [INFO] [C:\Users\light\WARG\autonomy-bootcamp-2025-p2\modules\command\command.py | run | 88] Recieved {
            time_since_boot: None,
            x: 30,
            y: 20,
            z: 30,
            x_velocity: 20,
            y_velocity: 0,
            z_velocity: 0,
            roll: None,
            pitch: None,
            yaw: 1.5707963267948966,
            roll_speed: None,
            pitch_speed: None,
            yaw_speed: None
        }, Average velocity [4.615384615384615, 4.615384615384615, 0.15384615384615385]
18:28:23: [INFO] [C:\Users\light\WARG\autonomy-bootcamp-2025-p2\modules\command\command.py | run | 88] Recieved {
            time_since_boot: None,
            x: 30,
            y: 30,
            z: 30,
            x_velocity: 0,
            y_velocity: -20,
            z_velocity: 0,
            roll: None,
            pitch: None,
            yaw: 3.141592653589793,
            roll_speed: None,
            pitch_speed: None,
            yaw_speed: None
        }, Average velocity [4.285714285714286, 2.857142857142857, 0.14285714285714285]
18:28:24: [INFO] [C:\Users\light\WARG\autonomy-bootcamp-2025-p2\modules\command\command.py | run | 88] Recieved {
            time_since_boot: None,
            x: 20,
            y: 30,
            z: 30,
            x_velocity: 0,
            y_velocity: -20,
            z_velocity: 0,
            roll: None,
            pitch: None,
            yaw: -3.141592653589793,
            roll_speed: None,
            pitch_speed: None,
            yaw_speed: None
        }, Average velocity [4.0, 1.3333333333333333, 0.13333333333333333]
18:28:24: [INFO] [C:\Users\light\WARG\autonomy-bootcamp-2025-p2\modules\command\command.py | run | 88] Recieved {
            time_since_boot: None,
            x: 10,
            y: 30,
            z: 30,
            x_velocity: 0,
            y_velocity: -20,
            z_velocity: 0,
            roll: None,
            pitch: None,
            yaw: 3.141592653589793,
            roll_speed: None,
            pitch_speed: None,
            yaw_speed: None
        }, Average velocity [3.75, 0.0, 0.125]
18:28:25: [INFO] [C:\Users\light\WARG\autonomy-bootcamp-2025-p2\modules\command\command.py | run | 88] Recieved {
            time_since_boot: None,
            x: 0,
            y: 30,
            z: 30,
            x_velocity: -20,
            y_velocity: 0,
            z_velocity: 0,
            roll: None,
            pitch: None,
            yaw: -1.5707963267948966,
            roll_speed: None,
            pitch_speed: None,
            yaw_speed: None
        }, Average velocity [2.3529411764705883, 0.0, 0.11764705882352941]
18:28:25: [INFO] [C:\Users\light\WARG\autonomy-bootcamp-2025-p2\modules\command\command.py | run | 88] Recieved {
            time_since_boot: None,
            x: 0,
            y: 20,
            z: 30,
            x_velocity: -20,
            y_velocity: 0,
            z_velocity: 0,
            roll: None,
            pitch: None,
            yaw: -1.5707963267948966,
            roll_speed: None,
            pitch_speed: None,
            yaw_speed: None
        }, Average velocity [1.1111111111111112, 0.0, 0.1111111111111111]
18:28:26: [INFO] [C:\Users\light\WARG\autonomy-bootcamp-2025-p2\modules\command\command.py | run | 88] Recieved {
            time_since_boot: None,
            x: 0,
            y: 10,
            z: 30,
            x_velocity: -20,
            y_velocity: 0,
            z_velocity: 0,
            roll: None,
            pitch: None,
            yaw: -1.5707963267948966,
            roll_speed: None,
            pitch_speed: None,
            yaw_speed: None
        }, Average velocity [0.0, 0.0, 0.10526315789473684]
18:28:26: [INFO] [C:\Users\light\WARG\autonomy-bootcamp-2025-p2\modules\command\command.py | run | 88] Recieved {
            time_since_boot: None,
            x: 0,
            y: 0,
            z: 30,
            x_velocity: 0,
            y_velocity: 20,
            z_velocity: 0,
            roll: None,
            pitch: None,
            yaw: 1.5707963267948966,
            roll_speed: None,
            pitch_speed: None,
            yaw_speed: None
        }, Average velocity [0.0, 1.0, 0.1]
18:28:27: [INFO] [C:\Users\light\WARG\autonomy-bootcamp-2025-p2\modules\command\command.py | run | 88] Recieved {
            time_since_boot: None,
            x: 0,
            y: 10,
            z: 30,
            x_velocity: 0,
            y_velocity: 20,
            z_velocity: 0,
            roll: None,
            pitch: None,
            yaw: 1.5707963267948966,
            roll_speed: None,
            pitch_speed: None,
            yaw_speed: None
        }, Average velocity [0.0, 1.9047619047619047, 0.09523809523809523]
18:28:27: [INFO] [C:\Users\light\WARG\autonomy-bootcamp-2025-p2\modules\command\command.py | run | 88] Recieved {
            time_since_boot: None,
            x: 0,
            y: 20,
            z: 30,
            x_velocity: 0,
            y_velocity: 20,
            z_velocity: 0,
            roll: None,
            pitch: None,
            yaw: 1.5707963267948966,
            roll_speed: None,
            pitch_speed: None,
            yaw_speed: None
        }, Average velocity [0.0, 2.727272727272727, 0.09090909090909091]
18:28:28: [INFO] [C:\Users\light\WARG\autonomy-bootcamp-2025-p2\modules\command\command.py | run | 88] Recieved {
            time_since_boot: None,
            x: 0,
            y: 30,
            z: 30,
            x_velocity: 20,
            y_velocity: 0,
            z_velocity: 0,
            roll: None,
            pitch: None,
            yaw: 0,
            roll_speed: None,
            pitch_speed: None,
            yaw_speed: None
        }, Average velocity [0.8695652173913043, 2.608695652173913, 0.08695652173913043]
18:28:28: [INFO] [C:\Users\light\WARG\autonomy-bootcamp-2025-p2\modules\command\command.py | run | 88] Recieved {
            time_since_boot: None,
            x: 10,
            y: 30,
            z: 30,
            x_velocity: 20,
            y_velocity: 0,
            z_velocity: 0,
            roll: None,
            pitch: None,
            yaw: 0,
            roll_speed: None,
            pitch_speed: None,
            yaw_speed: None
        }, Average velocity [1.6666666666666667, 2.5, 0.08333333333333333]
18:28:29: [INFO] [C:\Users\light\WARG\autonomy-bootcamp-2025-p2\modules\command\command.py | run | 88] Recieved {
            time_since_boot: None,
            x: 20,
            y: 30,
            z: 30,
            x_velocity: 20,
            y_velocity: 0,
            z_velocity: 0,
            roll: None,
            pitch: None,
            yaw: 0,
            roll_speed: None,
            pitch_speed: None,
            yaw_speed: None
        }, Average velocity [2.4, 2.4, 0.08]
18:28:29: [INFO] [C:\Users\light\WARG\autonomy-bootcamp-2025-p2\modules\command\command.py | run | 88] Recieved {
            time_since_boot: None,
            x: 30,
            y: 30,
            z: 30,
            x_velocity: 0,
            y_velocity: -20,
            z_velocity: 0,
            roll: None,
            pitch: None,
            yaw: -1.5707963267948966,
            roll_speed: None,
            pitch_speed: None,
            yaw_speed: None
        }, Average velocity [2.3076923076923075, 1.5384615384615385, 0.07692307692307693]
18:28:30: [INFO] [C:\Users\light\WARG\autonomy-bootcamp-2025-p2\modules\command\command.py | run | 88] Recieved {
            time_since_boot: None,
            x: 30,
            y: 20,
            z: 30,
            x_velocity: 0,
            y_velocity: -20,
            z_velocity: 0,
            roll: None,
            pitch: None,
            yaw: -1.5707963267948966,
            roll_speed: None,
            pitch_speed: None,
            yaw_speed: None
        }, Average velocity [2.2222222222222223, 0.7407407407407407, 0.07407407407407407]
18:28:30: [INFO] [C:\Users\light\WARG\autonomy-bootcamp-2025-p2\modules\command\command.py | run | 88] Recieved {
            time_since_boot: None,
            x: 30,
            y: 10,
            z: 30,
            x_velocity: 0,
            y_velocity: -20,
            z_velocity: 0,
            roll: None,
            pitch: None,
            yaw: -1.5707963267948966,
            roll_speed: None,
            pitch_speed: None,
            yaw_speed: None
        }, Average velocity [2.142857142857143, 0.0, 0.07142857142857142]
18:28:31: [INFO] [C:\Users\light\WARG\autonomy-bootcamp-2025-p2\modules\command\command.py | run | 88] Recieved {
            time_since_boot: None,
            x: 30,
            y: 0,
            z: 30,
            x_velocity: -20,
            y_velocity: 0,
            z_velocity: 0,
            roll: None,
            pitch: None,
            yaw: -3.141592653589793,
            roll_speed: None,
            pitch_speed: None,
            yaw_speed: None
        }, Average velocity [1.3793103448275863, 0.0, 0.06896551724137931]
18:28:31: [INFO] [C:\Users\light\WARG\autonomy-bootcamp-2025-p2\modules\command\command.py | run | 88] Recieved {
            time_since_boot: None,
            x: 20,
            y: 0,
            z: 30,
            x_velocity: -20,
            y_velocity: 0,
            z_velocity: 0,
            roll: None,
            pitch: None,
            yaw: 3.141592653589793,
            roll_speed: None,
            pitch_speed: None,
            yaw_speed: None
        }, Average velocity [0.6666666666666666, 0.0, 0.06666666666666667]
18:28:32: [INFO] [C:\Users\light\WARG\autonomy-bootcamp-2025-p2\modules\command\command.py | run | 88] Recieved {
            time_since_boot: None,
            x: 10,
            y: 0,
            z: 30,
            x_velocity: -20,
            y_velocity: 0,
            z_velocity: 0,
            roll: None,
            pitch: None,
            yaw: -3.141592653589793,
            roll_speed: None,
            pitch_speed: None,
            yaw_speed: None
        }, Average velocity [0.0, 0.0, 0.06451612903225806]
